<?xml version="1.0" encoding="UTF-8"?>
<!-- Generated by org.testng.reporters.JUnitReportReporter -->
<testsuite hostname="LAPTOP-M0UH26NJ" failures="0" tests="1" name="Seleniumframework.tests.classwithpom" time="13.083" errors="0" timestamp="2025-01-20T12:07:17 IST" skipped="0">
  <testcase classname="Seleniumframework.tests.classwithpom" name="pomclass" time="13.083"/>
</testsuite> <!-- Seleniumframework.tests.classwithpom -->
