<?xml version="1.0" encoding="UTF-8"?>
<!-- Generated by org.testng.reporters.JUnitReportReporter -->
<testsuite hostname="LAPTOP-M0UH26NJ" failures="0" tests="2" name="cucumber.TestngTestRunner" time="12.143" errors="0" timestamp="2025-03-10T11:46:06 IST" skipped="0">
  <testcase classname="cucumber.TestngTestRunner" name="runScenario" time="2.512"/>
  <testcase classname="cucumber.TestngTestRunner" name="runScenario" time="9.631"/>
</testsuite> <!-- cucumber.TestngTestRunner -->
