<?xml version="1.0" encoding="UTF-8"?>
<!-- Generated by org.testng.reporters.JUnitReportReporter -->
<testsuite hostname="LAPTOP-M0UH26NJ" failures="0" tests="3" name="Seleniumframework.tests.SubmitOrderTest" time="23.759" errors="0" timestamp="2025-03-06T16:44:29 IST" skipped="0">
  <testcase classname="Seleniumframework.tests.SubmitOrderTest" name="submitOrder" time="10.123"/>
  <testcase classname="Seleniumframework.tests.SubmitOrderTest" name="OrderHistoryTest" time="4.055"/>
  <testcase classname="Seleniumframework.tests.SubmitOrderTest" name="submitOrder" time="9.581"/>
</testsuite> <!-- Seleniumframework.tests.SubmitOrderTest -->
