<?xml version="1.0" encoding="UTF-8"?>
<!-- Generated by org.testng.reporters.JUnitReportReporter -->
<testsuite hostname="LAPTOP-M0UH26NJ" failures="0" tests="1" name="Seleniumframework.tests.Errorvalidation" time="2.352" errors="0" timestamp="2025-01-20T12:38:15 IST" skipped="0">
  <testcase classname="Seleniumframework.tests.Errorvalidation" name="pomclass" time="2.352"/>
</testsuite> <!-- Seleniumframework.tests.Errorvalidation -->
