<?xml version="1.0" encoding="UTF-8"?>
<!-- Generated by org.testng.reporters.JUnitReportReporter -->
<testsuite hostname="LAPTOP-M0UH26NJ" failures="0" tests="2" name="Seleniumframework.tests.ErrorvalidationTest" time="9.587" errors="0" timestamp="2025-03-10T11:47:57 IST" skipped="0">
  <testcase classname="Seleniumframework.tests.ErrorvalidationTest" name="LoginErrorvalidation" time="2.490"/>
  <testcase classname="Seleniumframework.tests.ErrorvalidationTest" name="ProductValidation" time="7.097"/>
</testsuite> <!-- Seleniumframework.tests.ErrorvalidationTest -->
