<?xml version="1.0" encoding="UTF-8"?>
<!-- Generated by org.testng.reporters.JUnitReportReporter -->
<testsuite hostname="LAPTOP-M0UH26NJ" failures="0" tests="3" name="Seleniumframework.tests.SubmitOrderTest" time="24.633" errors="0" timestamp="2025-03-10T11:47:57 IST" skipped="0">
  <testcase classname="Seleniumframework.tests.SubmitOrderTest" name="submitOrder" time="10.470"/>
  <testcase classname="Seleniumframework.tests.SubmitOrderTest" name="OrderHistoryTest" time="4.124"/>
  <testcase classname="Seleniumframework.tests.SubmitOrderTest" name="submitOrder" time="10.039"/>
</testsuite> <!-- Seleniumframework.tests.SubmitOrderTest -->
