<?xml version="1.0" encoding="UTF-8"?>
<!-- Generated by org.testng.reporters.JUnitReportReporter -->
<testsuite hostname="LAPTOP-M0UH26NJ" failures="0" tests="2" name="cucumber.TestngTestRunner" time="11.882" errors="0" timestamp="2025-03-10T11:46:58 IST" skipped="0">
  <testcase classname="cucumber.TestngTestRunner" name="runScenario" time="2.310"/>
  <testcase classname="cucumber.TestngTestRunner" name="runScenario" time="9.572"/>
</testsuite> <!-- cucumber.TestngTestRunner -->
